[ 2017-08-01T11:48:02+08:00 ] 127.0.0.1 /index/admin/sign/yum
ERR: 非法操作:yum

[ 2017-08-01T12:59:19+08:00 ] 127.0.0.1 /index.php/admin/sign/yum.html
ERR: 非法操作:yum

[ 2017-08-01T13:07:24+08:00 ] 127.0.0.1 /index.php/admin/sign/yum.html
ERR: 非法操作:yum

[ 2017-08-01T13:08:22+08:00 ] 127.0.0.1 /index.php/admin/sign/yum.html
ERR: 非法操作:yum

[ 2017-08-01T13:09:43+08:00 ] 127.0.0.1 /index/admin/sign/yum
ERR: 非法操作:yum

[ 2017-08-01T13:11:23+08:00 ] 127.0.0.1 /index.php/admin/sign/yum.html
ERR: 非法操作:yum

[ 2017-08-01T20:05:34+08:00 ] 127.0.0.1 /index.php/Admin/Access/permission_list.html
INFO: [ app_begin ] --START--
INFO: Run Behavior\ReadHtmlCacheBehavior [ RunTime:0.000204s ]
INFO: [ app_begin ] --END-- [ RunTime:0.000359s ]
SQL: SHOW COLUMNS FROM `permission` [ RunTime:0.0004s ]
SQL: SELECT * FROM `permission`  [ RunTime:0.0002s ]
SQL: SHOW COLUMNS FROM `role` [ RunTime:0.0004s ]
SQL: SELECT * FROM `permission` ORDER BY id DESC LIMIT 0,5   [ RunTime:0.0003s ]
SQL: SELECT COUNT(*) AS tp_count FROM `permission` LIMIT 1   [ RunTime:0.0002s ]
INFO: [ view_parse ] --START--
INFO: [ template_filter ] --START--
INFO: Run Behavior\ContentReplaceBehavior [ RunTime:0.000032s ]
INFO: [ template_filter ] --END-- [ RunTime:0.000066s ]
INFO: Run Behavior\ParseTemplateBehavior [ RunTime:0.005000s ]
INFO: [ view_parse ] --END-- [ RunTime:0.005037s ]
INFO: [ view_filter ] --START--
INFO: Run Behavior\WriteHtmlCacheBehavior [ RunTime:0.000114s ]
INFO: [ view_filter ] --END-- [ RunTime:0.000135s ]
INFO: [ app_end ] --START--
INFO: Run Behavior\ShowPageTraceBehavior [ RunTime:0.000287s ]
INFO: [ app_end ] --END-- [ RunTime:0.000322s ]

[ 2017-08-01T20:05:35+08:00 ] 127.0.0.1 /index.php/Admin/Access/permission_list.html
INFO: [ app_begin ] --START--
INFO: Run Behavior\ReadHtmlCacheBehavior [ RunTime:0.000235s ]
INFO: [ app_begin ] --END-- [ RunTime:0.000399s ]
SQL: SHOW COLUMNS FROM `permission` [ RunTime:0.0005s ]
SQL: SELECT * FROM `permission`  [ RunTime:0.0002s ]
SQL: SHOW COLUMNS FROM `role` [ RunTime:0.0003s ]
SQL: SELECT * FROM `permission` ORDER BY id DESC LIMIT 0,5   [ RunTime:0.0002s ]
SQL: SELECT COUNT(*) AS tp_count FROM `permission` LIMIT 1   [ RunTime:0.0002s ]
INFO: [ view_parse ] --START--
INFO: [ template_filter ] --START--
INFO: Run Behavior\ContentReplaceBehavior [ RunTime:0.000027s ]
INFO: [ template_filter ] --END-- [ RunTime:0.000051s ]
INFO: Run Behavior\ParseTemplateBehavior [ RunTime:0.004050s ]
INFO: [ view_parse ] --END-- [ RunTime:0.004086s ]
INFO: [ view_filter ] --START--
INFO: Run Behavior\WriteHtmlCacheBehavior [ RunTime:0.000080s ]
INFO: [ view_filter ] --END-- [ RunTime:0.000097s ]
INFO: [ app_end ] --START--
INFO: Run Behavior\ShowPageTraceBehavior [ RunTime:0.000226s ]
INFO: [ app_end ] --END-- [ RunTime:0.000246s ]

[ 2017-08-01T20:05:35+08:00 ] 127.0.0.1 /index.php/Admin/Access/permission_list.html
INFO: [ app_begin ] --START--
INFO: Run Behavior\ReadHtmlCacheBehavior [ RunTime:0.000238s ]
INFO: [ app_begin ] --END-- [ RunTime:0.000397s ]
SQL: SHOW COLUMNS FROM `permission` [ RunTime:0.0004s ]
SQL: SELECT * FROM `permission`  [ RunTime:0.0002s ]
SQL: SHOW COLUMNS FROM `role` [ RunTime:0.0003s ]
SQL: SELECT * FROM `permission` ORDER BY id DESC LIMIT 0,5   [ RunTime:0.0002s ]
SQL: SELECT COUNT(*) AS tp_count FROM `permission` LIMIT 1   [ RunTime:0.0002s ]
INFO: [ view_parse ] --START--
INFO: [ template_filter ] --START--
INFO: Run Behavior\ContentReplaceBehavior [ RunTime:0.000033s ]
INFO: [ template_filter ] --END-- [ RunTime:0.000066s ]
INFO: Run Behavior\ParseTemplateBehavior [ RunTime:0.004523s ]
INFO: [ view_parse ] --END-- [ RunTime:0.004552s ]
INFO: [ view_filter ] --START--
INFO: Run Behavior\WriteHtmlCacheBehavior [ RunTime:0.000098s ]
INFO: [ view_filter ] --END-- [ RunTime:0.000117s ]
INFO: [ app_end ] --START--
INFO: Run Behavior\ShowPageTraceBehavior [ RunTime:0.000320s ]
INFO: [ app_end ] --END-- [ RunTime:0.000348s ]

[ 2017-08-01T20:05:36+08:00 ] 127.0.0.1 /index.php/Admin/Access/permission_list.html
INFO: [ app_begin ] --START--
INFO: Run Behavior\ReadHtmlCacheBehavior [ RunTime:0.000231s ]
INFO: [ app_begin ] --END-- [ RunTime:0.000408s ]
SQL: SHOW COLUMNS FROM `permission` [ RunTime:0.0004s ]
SQL: SELECT * FROM `permission`  [ RunTime:0.0002s ]
SQL: SHOW COLUMNS FROM `role` [ RunTime:0.0004s ]
SQL: SELECT * FROM `permission` ORDER BY id DESC LIMIT 0,5   [ RunTime:0.0002s ]
SQL: SELECT COUNT(*) AS tp_count FROM `permission` LIMIT 1   [ RunTime:0.0002s ]
INFO: [ view_parse ] --START--
INFO: [ template_filter ] --START--
INFO: Run Behavior\ContentReplaceBehavior [ RunTime:0.000027s ]
INFO: [ template_filter ] --END-- [ RunTime:0.000051s ]
INFO: Run Behavior\ParseTemplateBehavior [ RunTime:0.004049s ]
INFO: [ view_parse ] --END-- [ RunTime:0.004074s ]
INFO: [ view_filter ] --START--
INFO: Run Behavior\WriteHtmlCacheBehavior [ RunTime:0.000079s ]
INFO: [ view_filter ] --END-- [ RunTime:0.000096s ]
INFO: [ app_end ] --START--
INFO: Run Behavior\ShowPageTraceBehavior [ RunTime:0.000224s ]
INFO: [ app_end ] --END-- [ RunTime:0.000244s ]

[ 2017-08-01T20:05:36+08:00 ] 127.0.0.1 /index.php/Admin/Access/permission_list.html
INFO: [ app_begin ] --START--
INFO: Run Behavior\ReadHtmlCacheBehavior [ RunTime:0.000206s ]
INFO: [ app_begin ] --END-- [ RunTime:0.000362s ]
SQL: SHOW COLUMNS FROM `permission` [ RunTime:0.0004s ]
SQL: SELECT * FROM `permission`  [ RunTime:0.0002s ]
SQL: SHOW COLUMNS FROM `role` [ RunTime:0.0004s ]
SQL: SELECT * FROM `permission` ORDER BY id DESC LIMIT 0,5   [ RunTime:0.0002s ]
SQL: SELECT COUNT(*) AS tp_count FROM `permission` LIMIT 1   [ RunTime:0.0002s ]
INFO: [ view_parse ] --START--
INFO: [ template_filter ] --START--
INFO: Run Behavior\ContentReplaceBehavior [ RunTime:0.000028s ]
INFO: [ template_filter ] --END-- [ RunTime:0.000055s ]
INFO: Run Behavior\ParseTemplateBehavior [ RunTime:0.004290s ]
INFO: [ view_parse ] --END-- [ RunTime:0.004317s ]
INFO: [ view_filter ] --START--
INFO: Run Behavior\WriteHtmlCacheBehavior [ RunTime:0.000084s ]
INFO: [ view_filter ] --END-- [ RunTime:0.000101s ]
INFO: [ app_end ] --START--
INFO: Run Behavior\ShowPageTraceBehavior [ RunTime:0.000232s ]
INFO: [ app_end ] --END-- [ RunTime:0.000251s ]

[ 2017-08-01T20:05:36+08:00 ] 127.0.0.1 /index.php/Admin/Access/permission_list.html
INFO: [ app_begin ] --START--
INFO: Run Behavior\ReadHtmlCacheBehavior [ RunTime:0.000205s ]
INFO: [ app_begin ] --END-- [ RunTime:0.000361s ]
SQL: SHOW COLUMNS FROM `permission` [ RunTime:0.0005s ]
SQL: SELECT * FROM `permission`  [ RunTime:0.0002s ]
SQL: SHOW COLUMNS FROM `role` [ RunTime:0.0004s ]
SQL: SELECT * FROM `permission` ORDER BY id DESC LIMIT 0,5   [ RunTime:0.0002s ]
SQL: SELECT COUNT(*) AS tp_count FROM `permission` LIMIT 1   [ RunTime:0.0002s ]
INFO: [ view_parse ] --START--
INFO: [ template_filter ] --START--
INFO: Run Behavior\ContentReplaceBehavior [ RunTime:0.000036s ]
INFO: [ template_filter ] --END-- [ RunTime:0.000072s ]
INFO: Run Behavior\ParseTemplateBehavior [ RunTime:0.004806s ]
INFO: [ view_parse ] --END-- [ RunTime:0.004847s ]
INFO: [ view_filter ] --START--
INFO: Run Behavior\WriteHtmlCacheBehavior [ RunTime:0.000099s ]
INFO: [ view_filter ] --END-- [ RunTime:0.000118s ]
INFO: [ app_end ] --START--
INFO: Run Behavior\ShowPageTraceBehavior [ RunTime:0.000246s ]
INFO: [ app_end ] --END-- [ RunTime:0.000267s ]

[ 2017-08-01T20:05:36+08:00 ] 127.0.0.1 /index.php/Admin/Access/permission_list.html
INFO: [ app_begin ] --START--
INFO: Run Behavior\ReadHtmlCacheBehavior [ RunTime:0.000230s ]
INFO: [ app_begin ] --END-- [ RunTime:0.000412s ]
SQL: SHOW COLUMNS FROM `permission` [ RunTime:0.0004s ]
SQL: SELECT * FROM `permission`  [ RunTime:0.0003s ]
SQL: SHOW COLUMNS FROM `role` [ RunTime:0.0004s ]
SQL: SELECT * FROM `permission` ORDER BY id DESC LIMIT 0,5   [ RunTime:0.0003s ]
SQL: SELECT COUNT(*) AS tp_count FROM `permission` LIMIT 1   [ RunTime:0.0002s ]
INFO: [ view_parse ] --START--
INFO: [ template_filter ] --START--
INFO: Run Behavior\ContentReplaceBehavior [ RunTime:0.000025s ]
INFO: [ template_filter ] --END-- [ RunTime:0.000045s ]
INFO: Run Behavior\ParseTemplateBehavior [ RunTime:0.003977s ]
INFO: [ view_parse ] --END-- [ RunTime:0.003999s ]
INFO: [ view_filter ] --START--
INFO: Run Behavior\WriteHtmlCacheBehavior [ RunTime:0.000086s ]
INFO: [ view_filter ] --END-- [ RunTime:0.000112s ]
INFO: [ app_end ] --START--
INFO: Run Behavior\ShowPageTraceBehavior [ RunTime:0.000213s ]
INFO: [ app_end ] --END-- [ RunTime:0.000232s ]

[ 2017-08-01T20:05:36+08:00 ] 127.0.0.1 /index.php/Admin/Access/permission_list.html
INFO: [ app_begin ] --START--
INFO: Run Behavior\ReadHtmlCacheBehavior [ RunTime:0.000237s ]
INFO: [ app_begin ] --END-- [ RunTime:0.000447s ]
SQL: SHOW COLUMNS FROM `permission` [ RunTime:0.0004s ]
SQL: SELECT * FROM `permission`  [ RunTime:0.0002s ]
SQL: SHOW COLUMNS FROM `role` [ RunTime:0.0004s ]
SQL: SELECT * FROM `permission` ORDER BY id DESC LIMIT 0,5   [ RunTime:0.0003s ]
SQL: SELECT COUNT(*) AS tp_count FROM `permission` LIMIT 1   [ RunTime:0.0002s ]
INFO: [ view_parse ] --START--
INFO: [ template_filter ] --START--
INFO: Run Behavior\ContentReplaceBehavior [ RunTime:0.000027s ]
INFO: [ template_filter ] --END-- [ RunTime:0.000052s ]
INFO: Run Behavior\ParseTemplateBehavior [ RunTime:0.004044s ]
INFO: [ view_parse ] --END-- [ RunTime:0.004085s ]
INFO: [ view_filter ] --START--
INFO: Run Behavior\WriteHtmlCacheBehavior [ RunTime:0.000080s ]
INFO: [ view_filter ] --END-- [ RunTime:0.000097s ]
INFO: [ app_end ] --START--
INFO: Run Behavior\ShowPageTraceBehavior [ RunTime:0.000279s ]
INFO: [ app_end ] --END-- [ RunTime:0.000299s ]

[ 2017-08-01T20:06:45+08:00 ] 127.0.0.1 /index.php/Admin/Access/admin-role-add.html
ERR: 非法操作:admin-role-add

[ 2017-08-01T20:17:16+08:00 ] 127.0.0.1 /index.php/Admin/Access/del_permission.html
INFO: [ app_begin ] --START--
INFO: Run Behavior\ReadHtmlCacheBehavior [ RunTime:0.000244s ]
INFO: [ app_begin ] --END-- [ RunTime:0.000434s ]

[ 2017-08-01T20:17:35+08:00 ] 127.0.0.1 /index.php/Admin/Access/del_permission.html
INFO: [ app_begin ] --START--
INFO: Run Behavior\ReadHtmlCacheBehavior [ RunTime:0.000241s ]
INFO: [ app_begin ] --END-- [ RunTime:0.000431s ]

[ 2017-08-01T20:31:57+08:00 ] 127.0.0.1 /index.php/Admin/Access/del_permission.html
INFO: [ app_begin ] --START--
INFO: Run Behavior\ReadHtmlCacheBehavior [ RunTime:0.000226s ]
INFO: [ app_begin ] --END-- [ RunTime:0.000384s ]
SQL: SHOW COLUMNS FROM `permission` [ RunTime:0.0006s ]
SQL: SELECT * FROM `permission` WHERE `id` = 3 LIMIT 1   [ RunTime:0.0002s ]
SQL: DELETE FROM `permission` WHERE `id` = 3 [ RunTime:0.0616s ]

[ 2017-08-01T20:32:01+08:00 ] 127.0.0.1 /index.php/Admin/Access/del_permission.html
INFO: [ app_begin ] --START--
INFO: Run Behavior\ReadHtmlCacheBehavior [ RunTime:0.000227s ]
INFO: [ app_begin ] --END-- [ RunTime:0.000387s ]
SQL: SHOW COLUMNS FROM `permission` [ RunTime:0.0004s ]
SQL: SELECT * FROM `permission` WHERE `id` = 1 LIMIT 1   [ RunTime:0.0002s ]
SQL: DELETE FROM `permission` WHERE `f_module` = 'admin' [ RunTime:0.0005s ]

[ 2017-08-01T20:33:50+08:00 ] 127.0.0.1 /index.php/Admin/Access/permission_add.html
INFO: [ app_begin ] --START--
INFO: Run Behavior\ReadHtmlCacheBehavior [ RunTime:0.000380s ]
INFO: [ app_begin ] --END-- [ RunTime:0.000555s ]
SQL: SHOW COLUMNS FROM `permission` [ RunTime:0.0004s ]
SQL: SELECT * FROM `permission` WHERE `f_name` = '后台' AND `f_action` = '' AND `f_module` = 'admin' AND `f_controller` = ''  [ RunTime:0.0003s ]
SQL: INSERT INTO `permission` (`f_name`,`f_action`,`f_module`,`f_controller`) VALUES ('后台','','admin','') [ RunTime:0.0114s ]

[ 2017-08-01T20:34:14+08:00 ] 127.0.0.1 /index.php/Admin/Access/permission_add.html
INFO: [ app_begin ] --START--
INFO: Run Behavior\ReadHtmlCacheBehavior [ RunTime:0.000265s ]
INFO: [ app_begin ] --END-- [ RunTime:0.000467s ]
SQL: SHOW COLUMNS FROM `permission` [ RunTime:0.0006s ]
SQL: SELECT * FROM `permission` WHERE `f_name` = '角色' AND `f_action` = '' AND `f_module` = 'admin' AND `f_controller` = 'access'  [ RunTime:0.0002s ]
SQL: INSERT INTO `permission` (`f_name`,`f_action`,`f_module`,`f_controller`) VALUES ('角色','','admin','access') [ RunTime:0.0005s ]

[ 2017-08-01T20:35:01+08:00 ] 127.0.0.1 /index.php/Admin/Access/permission_add.html
INFO: [ app_begin ] --START--
INFO: Run Behavior\ReadHtmlCacheBehavior [ RunTime:0.000285s ]
INFO: [ app_begin ] --END-- [ RunTime:0.000525s ]
SQL: SHOW COLUMNS FROM `permission` [ RunTime:0.0005s ]
SQL: SELECT * FROM `permission` WHERE `f_name` = '添加角色' AND `f_action` = 'add_role' AND `f_module` = 'admin' AND `f_controller` = 'access'  [ RunTime:0.0002s ]
SQL: INSERT INTO `permission` (`f_name`,`f_action`,`f_module`,`f_controller`) VALUES ('添加角色','add_role','admin','access') [ RunTime:0.0005s ]

[ 2017-08-01T20:39:21+08:00 ] 127.0.0.1 /index.php/Admin/Access/admin-role-add.html
ERR: 非法操作:admin-role-add

[ 2017-08-01T22:21:40+08:00 ] 127.0.0.1 /index.php/Admin/School/edit_school.html
INFO: [ app_begin ] --START--
INFO: Run Behavior\ReadHtmlCacheBehavior [ RunTime:0.000229s ]
INFO: [ app_begin ] --END-- [ RunTime:0.000410s ]
SQL: SHOW COLUMNS FROM `school` [ RunTime:0.0004s ]
SQL: SELECT * FROM `school` WHERE `id` = 1 LIMIT 1   [ RunTime:0.0002s ]
SQL: UPDATE `school` SET `name`='青云',`contact`='18765434543',`contacts`='多个人提货人',`address`='东方宾馆',`region`='1' WHERE `id` = 1 [ RunTime:0.0342s ]

